<?xml version="1.0" encoding="UTF-8"?>
<robot generator="Robot 4.0.3 (Python 3.9.1 on win32)" generated="20210614 21:58:47.223" rpa="false" schemaversion="2">
<suite id="s1" name="Variables" source="C:\Projetos\TesteRobot\RobotFramework\variables">
<suite id="s1-s1" name="Teste Variaveis" source="C:\Projetos\TesteRobot\RobotFramework\variables\teste_variaveis.robot">
<test id="s1-s1-t1" name="Meu teste imprimindo uma lista de frutas">
<kw name="Logar no meu terminal uma lista de frutas">
<kw name="Set Variable" library="BuiltIn">
<var>${NOVA_FRUTA}</var>
<arg>morango</arg>
<doc>Returns the given values which can then be assigned to a variables.</doc>
<msg timestamp="20210614 21:58:47.248" level="INFO">${NOVA_FRUTA} = morango</msg>
<status status="PASS" starttime="20210614 21:58:47.248" endtime="20210614 21:58:47.248"/>
</kw>
<kw name="Log To Console" library="BuiltIn">
<arg>{\n}</arg>
<doc>Logs the given message to the console.</doc>
<status status="PASS" starttime="20210614 21:58:47.248" endtime="20210614 21:58:47.249"/>
</kw>
<kw name="Log To Console" library="BuiltIn">
<arg>${FRUTAS}</arg>
<doc>Logs the given message to the console.</doc>
<status status="PASS" starttime="20210614 21:58:47.249" endtime="20210614 21:58:47.249"/>
</kw>
<kw name="Log Many" library="BuiltIn">
<arg>${FRUTAS}</arg>
<doc>Logs the given messages as separate entries using the INFO level.</doc>
<msg timestamp="20210614 21:58:47.250" level="INFO">['banana', 'maça', 'laranja']</msg>
<status status="PASS" starttime="20210614 21:58:47.249" endtime="20210614 21:58:47.250"/>
</kw>
<kw name="Log To Console" library="BuiltIn">
<arg>${NOVA_FRUTA}</arg>
<doc>Logs the given message to the console.</doc>
<status status="PASS" starttime="20210614 21:58:47.250" endtime="20210614 21:58:47.250"/>
</kw>
<status status="PASS" starttime="20210614 21:58:47.247" endtime="20210614 21:58:47.250"/>
</kw>
<status status="PASS" starttime="20210614 21:58:47.247" endtime="20210614 21:58:47.251"/>
</test>
<doc>Meu teste de variáveis</doc>
<status status="PASS" starttime="20210614 21:58:47.244" endtime="20210614 21:58:47.255"/>
</suite>
<status status="PASS" starttime="20210614 21:58:47.225" endtime="20210614 21:58:47.257"/>
</suite>
<statistics>
<total>
<stat pass="1" fail="0" skip="0">All Tests</stat>
</total>
<tag>
</tag>
<suite>
<stat pass="1" fail="0" skip="0" id="s1" name="Variables">Variables</stat>
<stat pass="1" fail="0" skip="0" id="s1-s1" name="Teste Variaveis">Variables.Teste Variaveis</stat>
</suite>
</statistics>
<errors>
</errors>
</robot>
